#! /usr/local/Cellar/icarus-verilog/10.2_1/bin/vvp
:ivl_version "10.2 (stable)" "(v10_2)";
:ivl_delay_selection "TYPICAL";
:vpi_time_precision - 1;
:vpi_module "system";
:vpi_module "vhdl_sys";
:vpi_module "v2005_math";
:vpi_module "va_math";
S_0x7ffb19c08420 .scope module, "mealyfsm_tb" "mealyfsm_tb" 2 4;
 .timescale 0 -1;
v0x7ffb19c26e10_0 .var "clk", 0 0;
v0x7ffb19c26eb0_0 .var "rst", 0 0;
v0x7ffb19c26f60_0 .var "x", 0 0;
v0x7ffb19c27030_0 .net "y", 0 0, v0x7ffb19c26d30_0;  1 drivers
S_0x7ffb19c08580 .scope module, "mymealy" "mealyfsm" 2 11, 3 1 0, S_0x7ffb19c08420;
 .timescale 0 -1;
    .port_info 0 /INPUT 1 "clk"
    .port_info 1 /INPUT 1 "rst"
    .port_info 2 /INPUT 1 "x"
    .port_info 3 /OUTPUT 1 "y"
P_0x7ffb19c03760 .param/l "a" 0 3 11, C4<00>;
P_0x7ffb19c037a0 .param/l "b" 0 3 11, C4<01>;
P_0x7ffb19c037e0 .param/l "c" 0 3 11, C4<10>;
v0x7ffb19c043b0_0 .net "clk", 0 0, v0x7ffb19c26e10_0;  1 drivers
v0x7ffb19c26a40_0 .var "ns", 1 0;
v0x7ffb19c26af0_0 .var "ps", 1 0;
v0x7ffb19c26bb0_0 .net "rst", 0 0, v0x7ffb19c26eb0_0;  1 drivers
v0x7ffb19c26c50_0 .net "x", 0 0, v0x7ffb19c26f60_0;  1 drivers
v0x7ffb19c26d30_0 .var "y", 0 0;
E_0x7ffb19c16c90 .event edge, v0x7ffb19c26c50_0, v0x7ffb19c26af0_0;
E_0x7ffb19c10a40/0 .event negedge, v0x7ffb19c26bb0_0;
E_0x7ffb19c10a40/1 .event posedge, v0x7ffb19c043b0_0;
E_0x7ffb19c10a40 .event/or E_0x7ffb19c10a40/0, E_0x7ffb19c10a40/1;
    .scope S_0x7ffb19c08580;
T_0 ;
    %wait E_0x7ffb19c10a40;
    %load/vec4 v0x7ffb19c26bb0_0;
    %inv;
    %flag_set/vec4 8;
    %jmp/0xz  T_0.0, 8;
    %pushi/vec4 0, 0, 2;
    %store/vec4 v0x7ffb19c26af0_0, 0, 2;
    %jmp T_0.1;
T_0.0 ;
    %load/vec4 v0x7ffb19c26a40_0;
    %store/vec4 v0x7ffb19c26af0_0, 0, 2;
T_0.1 ;
    %jmp T_0;
    .thread T_0;
    .scope S_0x7ffb19c08580;
T_1 ;
    %wait E_0x7ffb19c16c90;
    %load/vec4 v0x7ffb19c26af0_0;
    %pushi/vec4 0, 0, 2;
    %cmp/e;
    %flag_get/vec4 4;
    %load/vec4 v0x7ffb19c26c50_0;
    %pad/u 32;
    %pushi/vec4 0, 0, 32;
    %cmp/e;
    %flag_get/vec4 4;
    %and;
    %flag_set/vec4 8;
    %jmp/0xz  T_1.0, 8;
    %pushi/vec4 0, 0, 2;
    %store/vec4 v0x7ffb19c26a40_0, 0, 2;
    %jmp T_1.1;
T_1.0 ;
    %load/vec4 v0x7ffb19c26af0_0;
    %pushi/vec4 0, 0, 2;
    %cmp/e;
    %flag_get/vec4 4;
    %load/vec4 v0x7ffb19c26c50_0;
    %pad/u 32;
    %pushi/vec4 1, 0, 32;
    %cmp/e;
    %flag_get/vec4 4;
    %and;
    %flag_set/vec4 8;
    %jmp/0xz  T_1.2, 8;
    %pushi/vec4 1, 0, 2;
    %store/vec4 v0x7ffb19c26a40_0, 0, 2;
    %jmp T_1.3;
T_1.2 ;
    %load/vec4 v0x7ffb19c26af0_0;
    %pushi/vec4 1, 0, 2;
    %cmp/e;
    %flag_get/vec4 4;
    %load/vec4 v0x7ffb19c26c50_0;
    %pad/u 32;
    %pushi/vec4 0, 0, 32;
    %cmp/e;
    %flag_get/vec4 4;
    %and;
    %flag_set/vec4 8;
    %jmp/0xz  T_1.4, 8;
    %pushi/vec4 0, 0, 2;
    %store/vec4 v0x7ffb19c26a40_0, 0, 2;
    %jmp T_1.5;
T_1.4 ;
    %load/vec4 v0x7ffb19c26af0_0;
    %pushi/vec4 1, 0, 2;
    %cmp/e;
    %flag_get/vec4 4;
    %load/vec4 v0x7ffb19c26c50_0;
    %pad/u 32;
    %pushi/vec4 1, 0, 32;
    %cmp/e;
    %flag_get/vec4 4;
    %and;
    %flag_set/vec4 8;
    %jmp/0xz  T_1.6, 8;
    %pushi/vec4 2, 0, 2;
    %store/vec4 v0x7ffb19c26a40_0, 0, 2;
    %jmp T_1.7;
T_1.6 ;
    %load/vec4 v0x7ffb19c26af0_0;
    %pushi/vec4 2, 0, 2;
    %cmp/e;
    %flag_get/vec4 4;
    %load/vec4 v0x7ffb19c26c50_0;
    %pad/u 32;
    %pushi/vec4 0, 0, 32;
    %cmp/e;
    %flag_get/vec4 4;
    %and;
    %flag_set/vec4 8;
    %jmp/0xz  T_1.8, 8;
    %pushi/vec4 0, 0, 2;
    %store/vec4 v0x7ffb19c26a40_0, 0, 2;
    %jmp T_1.9;
T_1.8 ;
    %load/vec4 v0x7ffb19c26af0_0;
    %pushi/vec4 2, 0, 2;
    %cmp/e;
    %flag_get/vec4 4;
    %load/vec4 v0x7ffb19c26c50_0;
    %pad/u 32;
    %pushi/vec4 1, 0, 32;
    %cmp/e;
    %flag_get/vec4 4;
    %and;
    %flag_set/vec4 8;
    %jmp/0xz  T_1.10, 8;
    %pushi/vec4 2, 0, 2;
    %store/vec4 v0x7ffb19c26a40_0, 0, 2;
T_1.10 ;
T_1.9 ;
T_1.7 ;
T_1.5 ;
T_1.3 ;
T_1.1 ;
    %jmp T_1;
    .thread T_1, $push;
    .scope S_0x7ffb19c08580;
T_2 ;
    %wait E_0x7ffb19c16c90;
    %load/vec4 v0x7ffb19c26af0_0;
    %pushi/vec4 2, 0, 2;
    %cmp/e;
    %flag_get/vec4 4;
    %load/vec4 v0x7ffb19c26c50_0;
    %pad/u 32;
    %pushi/vec4 1, 0, 32;
    %cmp/e;
    %flag_get/vec4 4;
    %and;
    %flag_set/vec4 8;
    %jmp/0xz  T_2.0, 8;
    %pushi/vec4 1, 0, 1;
    %store/vec4 v0x7ffb19c26d30_0, 0, 1;
    %jmp T_2.1;
T_2.0 ;
    %pushi/vec4 0, 0, 1;
    %store/vec4 v0x7ffb19c26d30_0, 0, 1;
T_2.1 ;
    %jmp T_2;
    .thread T_2, $push;
    .scope S_0x7ffb19c08420;
T_3 ;
    %vpi_call 2 15 "$monitor", "x = %b, y = %b", v0x7ffb19c26f60_0, v0x7ffb19c27030_0 {0 0 0};
    %vpi_call 2 16 "$dumpfile", "mealyfsm.vcd" {0 0 0};
    %vpi_call 2 17 "$dumpvars", 32'sb00000000000000000000000000000000, S_0x7ffb19c08420 {0 0 0};
    %pushi/vec4 0, 0, 1;
    %assign/vec4 v0x7ffb19c26f60_0, 0;
    %pushi/vec4 1, 0, 1;
    %assign/vec4 v0x7ffb19c26eb0_0, 0;
    %pushi/vec4 1, 0, 1;
    %assign/vec4 v0x7ffb19c26e10_0, 0;
    %delay 10, 0;
    %pushi/vec4 0, 0, 1;
    %assign/vec4 v0x7ffb19c26e10_0, 0;
    %delay 10, 0;
    %pushi/vec4 1, 0, 1;
    %assign/vec4 v0x7ffb19c26e10_0, 0;
    %delay 10, 0;
    %pushi/vec4 0, 0, 1;
    %assign/vec4 v0x7ffb19c26e10_0, 0;
    %delay 10, 0;
    %pushi/vec4 0, 0, 1;
    %assign/vec4 v0x7ffb19c26eb0_0, 0;
    %pushi/vec4 1, 0, 1;
    %assign/vec4 v0x7ffb19c26e10_0, 0;
    %delay 10, 0;
    %pushi/vec4 0, 0, 1;
    %assign/vec4 v0x7ffb19c26e10_0, 0;
    %delay 10, 0;
    %pushi/vec4 1, 0, 1;
    %assign/vec4 v0x7ffb19c26e10_0, 0;
    %delay 10, 0;
    %pushi/vec4 0, 0, 1;
    %assign/vec4 v0x7ffb19c26e10_0, 0;
    %delay 10, 0;
    %pushi/vec4 1, 0, 1;
    %assign/vec4 v0x7ffb19c26eb0_0, 0;
    %pushi/vec4 1, 0, 1;
    %assign/vec4 v0x7ffb19c26e10_0, 0;
    %delay 10, 0;
    %pushi/vec4 0, 0, 1;
    %assign/vec4 v0x7ffb19c26e10_0, 0;
    %delay 10, 0;
    %pushi/vec4 1, 0, 1;
    %assign/vec4 v0x7ffb19c26e10_0, 0;
    %delay 10, 0;
    %pushi/vec4 0, 0, 1;
    %assign/vec4 v0x7ffb19c26e10_0, 0;
    %delay 10, 0;
    %pushi/vec4 1, 0, 1;
    %assign/vec4 v0x7ffb19c26f60_0, 0;
    %pushi/vec4 1, 0, 1;
    %assign/vec4 v0x7ffb19c26e10_0, 0;
    %delay 10, 0;
    %pushi/vec4 0, 0, 1;
    %assign/vec4 v0x7ffb19c26e10_0, 0;
    %delay 10, 0;
    %pushi/vec4 0, 0, 1;
    %assign/vec4 v0x7ffb19c26eb0_0, 0;
    %pushi/vec4 1, 0, 1;
    %assign/vec4 v0x7ffb19c26e10_0, 0;
    %delay 10, 0;
    %pushi/vec4 0, 0, 1;
    %assign/vec4 v0x7ffb19c26e10_0, 0;
    %delay 10, 0;
    %pushi/vec4 1, 0, 1;
    %assign/vec4 v0x7ffb19c26eb0_0, 0;
    %pushi/vec4 1, 0, 1;
    %assign/vec4 v0x7ffb19c26e10_0, 0;
    %delay 10, 0;
    %pushi/vec4 0, 0, 1;
    %assign/vec4 v0x7ffb19c26e10_0, 0;
    %delay 10, 0;
    %pushi/vec4 1, 0, 1;
    %assign/vec4 v0x7ffb19c26e10_0, 0;
    %delay 10, 0;
    %pushi/vec4 0, 0, 1;
    %assign/vec4 v0x7ffb19c26e10_0, 0;
    %delay 10, 0;
    %pushi/vec4 0, 0, 1;
    %assign/vec4 v0x7ffb19c26eb0_0, 0;
    %pushi/vec4 1, 0, 1;
    %assign/vec4 v0x7ffb19c26e10_0, 0;
    %delay 10, 0;
    %pushi/vec4 0, 0, 1;
    %assign/vec4 v0x7ffb19c26e10_0, 0;
    %delay 10, 0;
    %pushi/vec4 1, 0, 1;
    %assign/vec4 v0x7ffb19c26e10_0, 0;
    %delay 10, 0;
    %pushi/vec4 0, 0, 1;
    %assign/vec4 v0x7ffb19c26e10_0, 0;
    %delay 10, 0;
    %pushi/vec4 1, 0, 1;
    %assign/vec4 v0x7ffb19c26e10_0, 0;
    %delay 10, 0;
    %pushi/vec4 0, 0, 1;
    %assign/vec4 v0x7ffb19c26e10_0, 0;
    %delay 10, 0;
    %pushi/vec4 1, 0, 1;
    %assign/vec4 v0x7ffb19c26eb0_0, 0;
    %pushi/vec4 1, 0, 1;
    %assign/vec4 v0x7ffb19c26e10_0, 0;
    %delay 10, 0;
    %pushi/vec4 0, 0, 1;
    %assign/vec4 v0x7ffb19c26e10_0, 0;
    %delay 10, 0;
    %pushi/vec4 1, 0, 1;
    %assign/vec4 v0x7ffb19c26e10_0, 0;
    %delay 10, 0;
    %pushi/vec4 0, 0, 1;
    %assign/vec4 v0x7ffb19c26e10_0, 0;
    %delay 10, 0;
    %pushi/vec4 1, 0, 1;
    %assign/vec4 v0x7ffb19c26e10_0, 0;
    %delay 10, 0;
    %pushi/vec4 0, 0, 1;
    %assign/vec4 v0x7ffb19c26e10_0, 0;
    %delay 10, 0;
    %pushi/vec4 0, 0, 1;
    %assign/vec4 v0x7ffb19c26f60_0, 0;
    %pushi/vec4 1, 0, 1;
    %assign/vec4 v0x7ffb19c26e10_0, 0;
    %delay 10, 0;
    %pushi/vec4 0, 0, 1;
    %assign/vec4 v0x7ffb19c26e10_0, 0;
    %delay 10, 0;
    %pushi/vec4 0, 0, 1;
    %assign/vec4 v0x7ffb19c26eb0_0, 0;
    %pushi/vec4 1, 0, 1;
    %assign/vec4 v0x7ffb19c26e10_0, 0;
    %delay 10, 0;
    %pushi/vec4 0, 0, 1;
    %assign/vec4 v0x7ffb19c26e10_0, 0;
    %delay 10, 0;
    %pushi/vec4 1, 0, 1;
    %assign/vec4 v0x7ffb19c26eb0_0, 0;
    %pushi/vec4 1, 0, 1;
    %assign/vec4 v0x7ffb19c26e10_0, 0;
    %delay 10, 0;
    %pushi/vec4 0, 0, 1;
    %assign/vec4 v0x7ffb19c26e10_0, 0;
    %delay 10, 0;
    %vpi_call 2 82 "$finish" {0 0 0};
    %end;
    .thread T_3;
# The file index is used to find the file name in the following table.
:file_names 4;
    "N/A";
    "<interactive>";
    "mealyfsm_tb.v";
    "./mealyfsm.v";
